<?xml version="1.0" encoding="UTF-8"?>
<testng-results total="2" passed="2" failed="0" skipped="0">
  <reporter-output>
  </reporter-output>
  <suite started-at="2019-02-14T01:05:34Z" name="storePage" finished-at="2019-02-14T01:05:41Z" duration-ms="6514">
    <groups>
    </groups>
    <test started-at="2019-02-14T01:05:34Z" name="testngTest" finished-at="2019-02-14T01:05:41Z" duration-ms="6514">
      <class name="storePage.testStorePage">
        <test-method is-config="true" signature="beforeClass()[pri:0, instance:storePage.testStorePage@71809907]" started-at="2019-02-13T17:05:34Z" name="beforeClass" finished-at="2019-02-13T17:05:36Z" duration-ms="1308" status="PASS">
          <reporter-output>
          </reporter-output>
        </test-method> <!-- beforeClass -->
        <test-method signature="login()[pri:0, instance:storePage.testStorePage@71809907]" started-at="2019-02-13T17:05:36Z" name="login" finished-at="2019-02-13T17:05:41Z" duration-ms="5071" status="PASS">
          <reporter-output>
          </reporter-output>
        </test-method> <!-- login -->
        <test-method signature="openStorePage()[pri:0, instance:storePage.testStorePage@71809907]" started-at="2019-02-13T17:05:41Z" name="openStorePage" finished-at="2019-02-13T17:05:41Z" duration-ms="45" status="PASS">
          <reporter-output>
          </reporter-output>
        </test-method> <!-- openStorePage -->
        <test-method is-config="true" signature="afterClass()[pri:0, instance:storePage.testStorePage@71809907]" started-at="2019-02-13T17:05:41Z" name="afterClass" finished-at="2019-02-13T17:05:41Z" duration-ms="81" status="PASS">
          <reporter-output>
          </reporter-output>
        </test-method> <!-- afterClass -->
      </class> <!-- storePage.testStorePage -->
    </test> <!-- testngTest -->
  </suite> <!-- storePage -->
</testng-results>
